<?xml version="1.0" encoding="UTF-8"?>
<!-- Generated by org.testng.reporters.JUnitReportReporter -->
<testsuite hostname="Zebronics" failures="0" tests="1" name="com.learn.Tests.LoginTest" time="0.322" errors="0" timestamp="2024-04-24T16:35:59 IST" skipped="0">
  <testcase classname="com.learn.Tests.LoginTest" name="Login" time="0.322"/>
  <system-out/>
</testsuite> <!-- com.learn.Tests.LoginTest -->
