<?xml version="1.0" encoding="UTF-8"?>
<!-- Generated by org.testng.reporters.JUnitReportReporter -->
<testsuite hostname="Zebronics" failures="0" tests="1" name="com.learn.Tests.RegisterationTest" time="1.151" errors="0" timestamp="2024-04-25T16:21:11 IST" skipped="0">
  <testcase classname="com.learn.Tests.RegisterationTest" name="registerUser" time="1.151"/>
  <system-out/>
</testsuite> <!-- com.learn.Tests.RegisterationTest -->
