<?xml version="1.0" encoding="UTF-8"?>
<!-- Generated by org.testng.reporters.JUnitReportReporter -->
<testsuite hostname="Zebronics" failures="0" tests="1" name="com.learn.Tests.HomeTest" time="1.115" errors="0" timestamp="2024-04-25T16:21:11 IST" skipped="0">
  <testcase classname="com.learn.Tests.HomeTest" name="SignOut" time="1.115"/>
  <system-out/>
</testsuite> <!-- com.learn.Tests.HomeTest -->
